D:\Dev_Progs\GitLab Project\irctc_projecct_robot\page_resources\homepage.resource:1:1 [W] 0203 Missing documentation in suite (missing-doc-suite)
D:\Dev_Progs\GitLab Project\irctc_projecct_robot\page_resources\homepage.resource:1:1 [W] 1006 Inconsistent use of tabs and spaces in file (mixed-tabs-and-spaces)
D:\Dev_Progs\GitLab Project\irctc_projecct_robot\page_resources\homepage.resource:6:12 [W] 0911 BuiltIn library import 'OperatingSystem' should be placed before 'RequestsLibrary' (wrong-import-order)
D:\Dev_Progs\GitLab Project\irctc_projecct_robot\page_resources\homepage.resource:9:12 [W] 0805 Multiple library imports with name 'RequestsLibrary' and identical arguments (first occurrence in line 5) (duplicated-library)
D:\Dev_Progs\GitLab Project\irctc_projecct_robot\page_resources\homepage.resource:10:12 [W] 0805 Multiple library imports with name 'OperatingSystem' and identical arguments (first occurrence in line 6) (duplicated-library)
D:\Dev_Progs\GitLab Project\irctc_projecct_robot\page_resources\homepage.resource:10:12 [W] 0911 BuiltIn library import 'OperatingSystem' should be placed before 'RequestsLibrary' (wrong-import-order)
D:\Dev_Progs\GitLab Project\irctc_projecct_robot\page_resources\homepage.resource:13:1 [W] 1009 Too many empty lines after '*** Variables ***' section header (1/0) (empty-line-after-section)
D:\Dev_Progs\GitLab Project\irctc_projecct_robot\page_resources\homepage.resource:15:1 [W] 0309 Section variable '${login_button}' name should be uppercase (section-variable-not-uppercase)
D:\Dev_Progs\GitLab Project\irctc_projecct_robot\page_resources\homepage.resource:16:1 [W] 0309 Section variable '${user_name}' name should be uppercase (section-variable-not-uppercase)
D:\Dev_Progs\GitLab Project\irctc_projecct_robot\page_resources\homepage.resource:17:1 [W] 0309 Section variable '${password}' name should be uppercase (section-variable-not-uppercase)
D:\Dev_Progs\GitLab Project\irctc_projecct_robot\page_resources\homepage.resource:18:1 [W] 0309 Section variable '${captcha_image}' name should be uppercase (section-variable-not-uppercase)
D:\Dev_Progs\GitLab Project\irctc_projecct_robot\page_resources\homepage.resource:19:1 [W] 0309 Section variable '${captcha_input_box}' name should be uppercase (section-variable-not-uppercase)
D:\Dev_Progs\GitLab Project\irctc_projecct_robot\page_resources\homepage.resource:20:1 [W] 0309 Section variable '${sign_in_button}' name should be uppercase (section-variable-not-uppercase)
D:\Dev_Progs\GitLab Project\irctc_projecct_robot\page_resources\homepage.resource:21:1 [W] 0309 Section variable '${select_dropdown_city_name_1}' name should be uppercase (section-variable-not-uppercase)
D:\Dev_Progs\GitLab Project\irctc_projecct_robot\page_resources\homepage.resource:22:1 [W] 0309 Section variable '${select_dropdown_city_name_2}' name should be uppercase (section-variable-not-uppercase)
D:\Dev_Progs\GitLab Project\irctc_projecct_robot\page_resources\homepage.resource:24:1 [W] 0309 Section variable '${enter_start_city_code}' name should be uppercase (section-variable-not-uppercase)
D:\Dev_Progs\GitLab Project\irctc_projecct_robot\page_resources\homepage.resource:25:1 [W] 0309 Section variable '${enter_destination_city_code}' name should be uppercase (section-variable-not-uppercase)
D:\Dev_Progs\GitLab Project\irctc_projecct_robot\page_resources\homepage.resource:25:84 [W] 1001 Trailing whitespace at the end of line (trailing-whitespace)
D:\Dev_Progs\GitLab Project\irctc_projecct_robot\page_resources\homepage.resource:26:1 [W] 0309 Section variable '${open_calendar}' name should be uppercase (section-variable-not-uppercase)
D:\Dev_Progs\GitLab Project\irctc_projecct_robot\page_resources\homepage.resource:26:69 [W] 1001 Trailing whitespace at the end of line (trailing-whitespace)
D:\Dev_Progs\GitLab Project\irctc_projecct_robot\page_resources\homepage.resource:27:1 [W] 0309 Section variable '${select_city_from_station_section}' name should be uppercase (section-variable-not-uppercase)
D:\Dev_Progs\GitLab Project\irctc_projecct_robot\page_resources\homepage.resource:27:1 [I] 0912 Use built-in variable ${EMPTY} instead of leaving variable without value or using backslash (empty-variable)
D:\Dev_Progs\GitLab Project\irctc_projecct_robot\page_resources\homepage.resource:27:39 [W] 1001 Trailing whitespace at the end of line (trailing-whitespace)
D:\Dev_Progs\GitLab Project\irctc_projecct_robot\page_resources\homepage.resource:28:1 [W] 0309 Section variable '${select_to_city_name}' name should be uppercase (section-variable-not-uppercase)
D:\Dev_Progs\GitLab Project\irctc_projecct_robot\page_resources\homepage.resource:29:1 [W] 0309 Section variable '${invalid_captcha_text}' name should be uppercase (section-variable-not-uppercase)
D:\Dev_Progs\GitLab Project\irctc_projecct_robot\page_resources\homepage.resource:30:1 [W] 0309 Section variable '${select_date_of_journey}' name should be uppercase (section-variable-not-uppercase)
D:\Dev_Progs\GitLab Project\irctc_projecct_robot\page_resources\homepage.resource:31:1 [W] 0309 Section variable '${month_name_loc}' name should be uppercase (section-variable-not-uppercase)
D:\Dev_Progs\GitLab Project\irctc_projecct_robot\page_resources\homepage.resource:32:1 [W] 0309 Section variable '${search_button_loc}' name should be uppercase (section-variable-not-uppercase)
D:\Dev_Progs\GitLab Project\irctc_projecct_robot\page_resources\homepage.resource:33:1 [W] 0309 Section variable '${date_formate_loc}' name should be uppercase (section-variable-not-uppercase)
D:\Dev_Progs\GitLab Project\irctc_projecct_robot\page_resources\homepage.resource:34:1 [W] 0309 Section variable '${train_refresh}' name should be uppercase (section-variable-not-uppercase)
D:\Dev_Progs\GitLab Project\irctc_projecct_robot\page_resources\homepage.resource:34:1 [W] 0508 Line is too long (130/120) (line-too-long)
D:\Dev_Progs\GitLab Project\irctc_projecct_robot\page_resources\homepage.resource:35:1 [W] 0309 Section variable '${seat_status}' name should be uppercase (section-variable-not-uppercase)
D:\Dev_Progs\GitLab Project\irctc_projecct_robot\page_resources\homepage.resource:35:1 [W] 0508 Line is too long (198/120) (line-too-long)
D:\Dev_Progs\GitLab Project\irctc_projecct_robot\page_resources\homepage.resource:36:1 [W] 0309 Section variable '${book_buttonloc}' name should be uppercase (section-variable-not-uppercase)
D:\Dev_Progs\GitLab Project\irctc_projecct_robot\page_resources\homepage.resource:37:1 [W] 0309 Section variable '${not_available}' name should be uppercase (section-variable-not-uppercase)
D:\Dev_Progs\GitLab Project\irctc_projecct_robot\page_resources\homepage.resource:37:1 [W] 0508 Line is too long (200/120) (line-too-long)
D:\Dev_Progs\GitLab Project\irctc_projecct_robot\page_resources\homepage.resource:38:1 [W] 0309 Section variable '${available_seat}' name should be uppercase (section-variable-not-uppercase)
D:\Dev_Progs\GitLab Project\irctc_projecct_robot\page_resources\homepage.resource:38:1 [W] 0508 Line is too long (170/120) (line-too-long)
D:\Dev_Progs\GitLab Project\irctc_projecct_robot\page_resources\homepage.resource:39:1 [W] 0309 Section variable '${seat_select_button}' name should be uppercase (section-variable-not-uppercase)
D:\Dev_Progs\GitLab Project\irctc_projecct_robot\page_resources\homepage.resource:39:1 [W] 0508 Line is too long (161/120) (line-too-long)
D:\Dev_Progs\GitLab Project\irctc_projecct_robot\page_resources\homepage.resource:40:1 [W] 0309 Section variable '${show_available_trains_button}' name should be uppercase (section-variable-not-uppercase)
D:\Dev_Progs\GitLab Project\irctc_projecct_robot\page_resources\homepage.resource:41:1 [W] 0309 Section variable '${yes_button_booking}' name should be uppercase (section-variable-not-uppercase)
D:\Dev_Progs\GitLab Project\irctc_projecct_robot\page_resources\homepage.resource:42:1 [W] 0309 Section variable '${passenger_details_page}' name should be uppercase (section-variable-not-uppercase)
D:\Dev_Progs\GitLab Project\irctc_projecct_robot\page_resources\homepage.resource:45:1 [W] 1009 Too many empty lines after '*** Keywords ***' section header (2/0) (empty-line-after-section)
D:\Dev_Progs\GitLab Project\irctc_projecct_robot\page_resources\homepage.resource:48:1 [W] 0201 Missing documentation in 'get captcha text from image' keyword (missing-doc-keyword)
D:\Dev_Progs\GitLab Project\irctc_projecct_robot\page_resources\homepage.resource:48:1 [W] 0302 Keyword name 'get captcha text from image' does not follow case convention (wrong-case-in-keyword-name)
D:\Dev_Progs\GitLab Project\irctc_projecct_robot\page_resources\homepage.resource:50:5 [W] 0909 The assignment sign is not consistent within the file. Expected '' but got ' =' instead (inconsistent-assignment)
D:\Dev_Progs\GitLab Project\irctc_projecct_robot\page_resources\homepage.resource:51:5 [W] 0909 The assignment sign is not consistent within the file. Expected '' but got '=' instead (inconsistent-assignment)
D:\Dev_Progs\GitLab Project\irctc_projecct_robot\page_resources\homepage.resource:51:21 [W] 0302 Keyword name 'get captcha text' does not follow case convention (wrong-case-in-keyword-name)
D:\Dev_Progs\GitLab Project\irctc_projecct_robot\page_resources\homepage.resource:52:5 [W] 0319 '[Return]' is deprecated since Robot Framework version 5.*, use 'RETURN' instead (deprecated-statement)
D:\Dev_Progs\GitLab Project\irctc_projecct_robot\page_resources\homepage.resource:52:27 [W] 1001 Trailing whitespace at the end of line (trailing-whitespace)
D:\Dev_Progs\GitLab Project\irctc_projecct_robot\page_resources\homepage.resource:54:1 [W] 0201 Missing documentation in 'Enter captcha text' keyword (missing-doc-keyword)
D:\Dev_Progs\GitLab Project\irctc_projecct_robot\page_resources\homepage.resource:54:1 [W] 0302 Keyword name 'Enter captcha text' does not follow case convention (wrong-case-in-keyword-name)
D:\Dev_Progs\GitLab Project\irctc_projecct_robot\page_resources\homepage.resource:54:1 [W] 0503 Keyword 'Enter captcha text' has too many keywords inside (12/10) (too-many-calls-in-keyword)
D:\Dev_Progs\GitLab Project\irctc_projecct_robot\page_resources\homepage.resource:55:5 [W] 0909 The assignment sign is not consistent within the file. Expected '' but got '=' instead (inconsistent-assignment)
D:\Dev_Progs\GitLab Project\irctc_projecct_robot\page_resources\homepage.resource:55:29 [W] 0302 Keyword name 'get captcha text from image' does not follow case convention (wrong-case-in-keyword-name)
D:\Dev_Progs\GitLab Project\irctc_projecct_robot\page_resources\homepage.resource:57:66 [W] 1001 Trailing whitespace at the end of line (trailing-whitespace)
D:\Dev_Progs\GitLab Project\irctc_projecct_robot\page_resources\homepage.resource:60:5 [W] 0909 The assignment sign is not consistent within the file. Expected '' but got '=' instead (inconsistent-assignment)
D:\Dev_Progs\GitLab Project\irctc_projecct_robot\page_resources\homepage.resource:62:9 [W] 0909 The assignment sign is not consistent within the file. Expected '' but got '=' instead (inconsistent-assignment)
D:\Dev_Progs\GitLab Project\irctc_projecct_robot\page_resources\homepage.resource:62:33 [W] 0302 Keyword name 'get captcha text from image' does not follow case convention (wrong-case-in-keyword-name)
D:\Dev_Progs\GitLab Project\irctc_projecct_robot\page_resources\homepage.resource:64:70 [W] 1001 Trailing whitespace at the end of line (trailing-whitespace)
D:\Dev_Progs\GitLab Project\irctc_projecct_robot\page_resources\homepage.resource:67:9 [W] 0909 The assignment sign is not consistent within the file. Expected '' but got '=' instead (inconsistent-assignment)
D:\Dev_Progs\GitLab Project\irctc_projecct_robot\page_resources\homepage.resource:70:1 [W] 1005 Invalid number of empty lines between keywords (2/1) (empty-lines-between-keywords)
D:\Dev_Progs\GitLab Project\irctc_projecct_robot\page_resources\homepage.resource:71:1 [W] 0201 Missing documentation in 'Enter journey details to search train' keyword (missing-doc-keyword)
D:\Dev_Progs\GitLab Project\irctc_projecct_robot\page_resources\homepage.resource:71:1 [W] 0302 Keyword name 'Enter journey details to search train' does not follow case convention (wrong-case-in-keyword-name)
D:\Dev_Progs\GitLab Project\irctc_projecct_robot\page_resources\homepage.resource:72:5 [W] 0909 The assignment sign is not consistent within the file. Expected '' but got '=' instead (inconsistent-assignment)
D:\Dev_Progs\GitLab Project\irctc_projecct_robot\page_resources\homepage.resource:72:23 [W] 0302 Keyword name 'get_from_city' does not follow case convention (wrong-case-in-keyword-name)
D:\Dev_Progs\GitLab Project\irctc_projecct_robot\page_resources\homepage.resource:72:23 [W] 0305 Underscores in keyword name 'get_from_city' can be replaced with spaces (underscore-in-keyword-name)
D:\Dev_Progs\GitLab Project\irctc_projecct_robot\page_resources\homepage.resource:73:29 [W] 0302 Keyword name 'get_to_city' does not follow case convention (wrong-case-in-keyword-name)
D:\Dev_Progs\GitLab Project\irctc_projecct_robot\page_resources\homepage.resource:73:29 [W] 0305 Underscores in keyword name 'get_to_city' can be replaced with spaces (underscore-in-keyword-name)
D:\Dev_Progs\GitLab Project\irctc_projecct_robot\page_resources\homepage.resource:73:42 [W] 1001 Trailing whitespace at the end of line (trailing-whitespace)
D:\Dev_Progs\GitLab Project\irctc_projecct_robot\page_resources\homepage.resource:75:61 [W] 1001 Trailing whitespace at the end of line (trailing-whitespace)
D:\Dev_Progs\GitLab Project\irctc_projecct_robot\page_resources\homepage.resource:77:5 [W] 0302 Keyword name 'select city from dropdown' does not follow case convention (wrong-case-in-keyword-name)
D:\Dev_Progs\GitLab Project\irctc_projecct_robot\page_resources\homepage.resource:77:47 [W] 1001 Trailing whitespace at the end of line (trailing-whitespace)
D:\Dev_Progs\GitLab Project\irctc_projecct_robot\page_resources\homepage.resource:79:73 [W] 1001 Trailing whitespace at the end of line (trailing-whitespace)
D:\Dev_Progs\GitLab Project\irctc_projecct_robot\page_resources\homepage.resource:81:5 [W] 0302 Keyword name 'select city from dropdown' does not follow case convention (wrong-case-in-keyword-name)
D:\Dev_Progs\GitLab Project\irctc_projecct_robot\page_resources\homepage.resource:81:53 [W] 1001 Trailing whitespace at the end of line (trailing-whitespace)
D:\Dev_Progs\GitLab Project\irctc_projecct_robot\page_resources\homepage.resource:84:1 [W] 1005 Invalid number of empty lines between keywords (3/1) (empty-lines-between-keywords)
D:\Dev_Progs\GitLab Project\irctc_projecct_robot\page_resources\homepage.resource:85:1 [W] 0201 Missing documentation in 'select city from dropdown' keyword (missing-doc-keyword)
D:\Dev_Progs\GitLab Project\irctc_projecct_robot\page_resources\homepage.resource:85:1 [W] 0302 Keyword name 'select city from dropdown' does not follow case convention (wrong-case-in-keyword-name)
D:\Dev_Progs\GitLab Project\irctc_projecct_robot\page_resources\homepage.resource:87:97 [W] 1001 Trailing whitespace at the end of line (trailing-whitespace)
D:\Dev_Progs\GitLab Project\irctc_projecct_robot\page_resources\homepage.resource:88:5 [W] 0909 The assignment sign is not consistent within the file. Expected '' but got '=' instead (inconsistent-assignment)
D:\Dev_Progs\GitLab Project\irctc_projecct_robot\page_resources\homepage.resource:92:99 [W] 1001 Trailing whitespace at the end of line (trailing-whitespace)
D:\Dev_Progs\GitLab Project\irctc_projecct_robot\page_resources\homepage.resource:93:44 [W] 1001 Trailing whitespace at the end of line (trailing-whitespace)
D:\Dev_Progs\GitLab Project\irctc_projecct_robot\page_resources\homepage.resource:96:1 [W] 1005 Invalid number of empty lines between keywords (2/1) (empty-lines-between-keywords)
D:\Dev_Progs\GitLab Project\irctc_projecct_robot\page_resources\homepage.resource:97:1 [W] 0201 Missing documentation in 'Set date of journey' keyword (missing-doc-keyword)
D:\Dev_Progs\GitLab Project\irctc_projecct_robot\page_resources\homepage.resource:97:1 [W] 0302 Keyword name 'Set date of journey' does not follow case convention (wrong-case-in-keyword-name)
D:\Dev_Progs\GitLab Project\irctc_projecct_robot\page_resources\homepage.resource:98:38 [W] 1001 Trailing whitespace at the end of line (trailing-whitespace)
D:\Dev_Progs\GitLab Project\irctc_projecct_robot\page_resources\homepage.resource:99:5 [W] 0909 The assignment sign is not consistent within the file. Expected '' but got '=' instead (inconsistent-assignment)
D:\Dev_Progs\GitLab Project\irctc_projecct_robot\page_resources\homepage.resource:99:21 [W] 0302 Keyword name 'journey_date' does not follow case convention (wrong-case-in-keyword-name)
D:\Dev_Progs\GitLab Project\irctc_projecct_robot\page_resources\homepage.resource:99:21 [W] 0305 Underscores in keyword name 'journey_date' can be replaced with spaces (underscore-in-keyword-name)
D:\Dev_Progs\GitLab Project\irctc_projecct_robot\page_resources\homepage.resource:101:62 [W] 1001 Trailing whitespace at the end of line (trailing-whitespace)
D:\Dev_Progs\GitLab Project\irctc_projecct_robot\page_resources\homepage.resource:102:92 [W] 1001 Trailing whitespace at the end of line (trailing-whitespace)
D:\Dev_Progs\GitLab Project\irctc_projecct_robot\page_resources\homepage.resource:103:45 [W] 1001 Trailing whitespace at the end of line (trailing-whitespace)
D:\Dev_Progs\GitLab Project\irctc_projecct_robot\page_resources\homepage.resource:105:1 [W] 0201 Missing documentation in 'User should book ticket' keyword (missing-doc-keyword)
D:\Dev_Progs\GitLab Project\irctc_projecct_robot\page_resources\homepage.resource:105:1 [W] 0302 Keyword name 'User should book ticket' does not follow case convention (wrong-case-in-keyword-name)
D:\Dev_Progs\GitLab Project\irctc_projecct_robot\page_resources\homepage.resource:105:1 [W] 0503 Keyword 'User should book ticket' has too many keywords inside (24/10) (too-many-calls-in-keyword)
D:\Dev_Progs\GitLab Project\irctc_projecct_robot\page_resources\homepage.resource:107:33 [W] 0302 Keyword name 'seat_cetagory' does not follow case convention (wrong-case-in-keyword-name)
D:\Dev_Progs\GitLab Project\irctc_projecct_robot\page_resources\homepage.resource:107:33 [W] 0305 Underscores in keyword name 'seat_cetagory' can be replaced with spaces (underscore-in-keyword-name)
D:\Dev_Progs\GitLab Project\irctc_projecct_robot\page_resources\homepage.resource:108:32 [W] 0302 Keyword name 'train_number' does not follow case convention (wrong-case-in-keyword-name)
D:\Dev_Progs\GitLab Project\irctc_projecct_robot\page_resources\homepage.resource:108:32 [W] 0305 Underscores in keyword name 'train_number' can be replaced with spaces (underscore-in-keyword-name)
D:\Dev_Progs\GitLab Project\irctc_projecct_robot\page_resources\homepage.resource:109:53 [W] 1001 Trailing whitespace at the end of line (trailing-whitespace)
D:\Dev_Progs\GitLab Project\irctc_projecct_robot\page_resources\homepage.resource:112:61 [W] 1001 Trailing whitespace at the end of line (trailing-whitespace)
D:\Dev_Progs\GitLab Project\irctc_projecct_robot\page_resources\homepage.resource:114:1 [W] 0508 Line is too long (121/120) (line-too-long)
D:\Dev_Progs\GitLab Project\irctc_projecct_robot\page_resources\homepage.resource:114:129 [W] 1001 Trailing whitespace at the end of line (trailing-whitespace)
D:\Dev_Progs\GitLab Project\irctc_projecct_robot\page_resources\homepage.resource:116:61 [W] 1001 Trailing whitespace at the end of line (trailing-whitespace)
D:\Dev_Progs\GitLab Project\irctc_projecct_robot\page_resources\homepage.resource:119:5 [W] 0909 The assignment sign is not consistent within the file. Expected '' but got '=' instead (inconsistent-assignment)
D:\Dev_Progs\GitLab Project\irctc_projecct_robot\page_resources\homepage.resource:121:67 [W] 1001 Trailing whitespace at the end of line (trailing-whitespace)
D:\Dev_Progs\GitLab Project\irctc_projecct_robot\page_resources\homepage.resource:123:92 [W] 1001 Trailing whitespace at the end of line (trailing-whitespace)
D:\Dev_Progs\GitLab Project\irctc_projecct_robot\page_resources\homepage.resource:128:44 [W] 1001 Trailing whitespace at the end of line (trailing-whitespace)
D:\Dev_Progs\GitLab Project\irctc_projecct_robot\page_resources\homepage.resource:129:17 [W] 1001 Trailing whitespace at the end of line (trailing-whitespace)
D:\Dev_Progs\GitLab Project\irctc_projecct_robot\page_resources\homepage.resource:130:5 [W] 0909 The assignment sign is not consistent within the file. Expected '' but got '=' instead (inconsistent-assignment)
D:\Dev_Progs\GitLab Project\irctc_projecct_robot\page_resources\homepage.resource:130:105 [W] 1001 Trailing whitespace at the end of line (trailing-whitespace)
D:\Dev_Progs\GitLab Project\irctc_projecct_robot\page_resources\homepage.resource:131:5 [I] 0916 IF can be replaced with inline IF (inline-if-can-be-used)
D:\Dev_Progs\GitLab Project\irctc_projecct_robot\page_resources\homepage.resource:132:51 [W] 1001 Trailing whitespace at the end of line (trailing-whitespace)
D:\Dev_Progs\GitLab Project\irctc_projecct_robot\page_resources\homepage.resource:136:1 [W] 1005 Invalid number of empty lines between keywords (2/1) (empty-lines-between-keywords)
D:\Dev_Progs\GitLab Project\irctc_projecct_robot\page_resources\homepage.resource:137:1 [W] 0201 Missing documentation in 'Login irctc portal' keyword (missing-doc-keyword)
D:\Dev_Progs\GitLab Project\irctc_projecct_robot\page_resources\homepage.resource:137:1 [W] 0302 Keyword name 'Login irctc portal' does not follow case convention (wrong-case-in-keyword-name)
D:\Dev_Progs\GitLab Project\irctc_projecct_robot\page_resources\homepage.resource:138:54 [W] 1001 Trailing whitespace at the end of line (trailing-whitespace)
D:\Dev_Progs\GitLab Project\irctc_projecct_robot\page_resources\homepage.resource:139:38 [W] 1001 Trailing whitespace at the end of line (trailing-whitespace)
D:\Dev_Progs\GitLab Project\irctc_projecct_robot\page_resources\homepage.resource:140:51 [W] 1001 Trailing whitespace at the end of line (trailing-whitespace)
D:\Dev_Progs\GitLab Project\irctc_projecct_robot\page_resources\homepage.resource:144:5 [W] 0302 Keyword name 'Enter captcha text' does not follow case convention (wrong-case-in-keyword-name)
D:\Dev_Progs\GitLab Project\irctc_projecct_robot\page_resources\homepage.resource:146:1 [W] 0201 Missing documentation in 'User should search train' keyword (missing-doc-keyword)
D:\Dev_Progs\GitLab Project\irctc_projecct_robot\page_resources\homepage.resource:146:1 [W] 0302 Keyword name 'User should search train' does not follow case convention (wrong-case-in-keyword-name)
D:\Dev_Progs\GitLab Project\irctc_projecct_robot\page_resources\homepage.resource:148:5 [W] 0302 Keyword name 'Enter journey details to search train' does not follow case convention (wrong-case-in-keyword-name)
D:\Dev_Progs\GitLab Project\irctc_projecct_robot\page_resources\homepage.resource:149:5 [W] 0302 Keyword name 'Set date of journey' does not follow case convention (wrong-case-in-keyword-name)
D:\Dev_Progs\GitLab Project\irctc_projecct_robot\page_resources\homepage.resource:150:42 [W] 1001 Trailing whitespace at the end of line (trailing-whitespace)
D:\Dev_Progs\GitLab Project\irctc_projecct_robot\page_resources\homepage.resource:154:4 [W] 1001 Trailing whitespace at the end of line (trailing-whitespace)
D:\Dev_Progs\GitLab Project\irctc_projecct_robot\page_resources\homepage.resource:155:4 [W] 1001 Trailing whitespace at the end of line (trailing-whitespace)
D:\Dev_Progs\GitLab Project\irctc_projecct_robot\page_resources\homepage.resource:156:4 [W] 1001 Trailing whitespace at the end of line (trailing-whitespace)
D:\Dev_Progs\GitLab Project\irctc_projecct_robot\page_resources\homepage.resource:157:1 [W] 1010 Too many blank lines at the end of file (too-many-trailing-blank-lines)
D:\Dev_Progs\GitLab Project\irctc_projecct_robot\page_resources\homepage.resource:157:4 [W] 1001 Trailing whitespace at the end of line (trailing-whitespace)
D:\Dev_Progs\GitLab Project\irctc_projecct_robot\resource_files\ApplicationEnums.resource:1:1 [W] 0203 Missing documentation in suite (missing-doc-suite)
D:\Dev_Progs\GitLab Project\irctc_projecct_robot\resource_files\ApplicationEnums.resource:1:1 [W] 1006 Inconsistent use of tabs and spaces in file (mixed-tabs-and-spaces)
D:\Dev_Progs\GitLab Project\irctc_projecct_robot\resource_files\ApplicationEnums.resource:2:1 [W] 1003 Invalid number of empty lines between sections (0/2) (empty-lines-between-sections)
D:\Dev_Progs\GitLab Project\irctc_projecct_robot\resource_files\ApplicationEnums.resource:3:1 [W] 1009 Too many empty lines after '*** Variables ***' section header (1/0) (empty-line-after-section)
D:\Dev_Progs\GitLab Project\irctc_projecct_robot\resource_files\ApplicationEnums.resource:5:1 [W] 0702 Missing blank space after comment character (missing-space-after-comment)
D:\Dev_Progs\GitLab Project\irctc_projecct_robot\resource_files\ApplicationEnums.resource:7:1 [W] 0702 Missing blank space after comment character (missing-space-after-comment)
D:\Dev_Progs\GitLab Project\irctc_projecct_robot\resource_files\ApplicationEnums.resource:9:1 [W] 0309 Section variable '&{pages}=' name should be uppercase (section-variable-not-uppercase)
D:\Dev_Progs\GitLab Project\irctc_projecct_robot\resource_files\ApplicationEnums.resource:9:1 [W] 0508 Line is too long (206/120) (line-too-long)
D:\Dev_Progs\GitLab Project\irctc_projecct_robot\resource_files\ApplicationEnums.resource:9:1 [W] 0910 The assignment sign is not consistent inside the variables section. Expected '' but got '=' instead (inconsistent-assignment-in-variables)
D:\Dev_Progs\GitLab Project\irctc_projecct_robot\resource_files\ApplicationEnums.resource:10:1 [W] 1012 Too many consecutive empty lines (2/1) (consecutive-empty-lines)
D:\Dev_Progs\GitLab Project\irctc_projecct_robot\resource_files\ApplicationEnums.resource:12:1 [W] 0702 Missing blank space after comment character (missing-space-after-comment)
D:\Dev_Progs\GitLab Project\irctc_projecct_robot\resource_files\ApplicationEnums.resource:14:1 [W] 0702 Missing blank space after comment character (missing-space-after-comment)
D:\Dev_Progs\GitLab Project\irctc_projecct_robot\resource_files\ApplicationEnums.resource:15:1 [W] 0309 Section variable '${pro_template} =' name should be uppercase (section-variable-not-uppercase)
D:\Dev_Progs\GitLab Project\irctc_projecct_robot\resource_files\ApplicationEnums.resource:15:1 [W] 0910 The assignment sign is not consistent inside the variables section. Expected '' but got ' =' instead (inconsistent-assignment-in-variables)
D:\Dev_Progs\GitLab Project\irctc_projecct_robot\resource_files\ApplicationEnums.resource:16:1 [W] 0309 Section variable '@{pro_templates_list}' name should be uppercase (section-variable-not-uppercase)
D:\Dev_Progs\GitLab Project\irctc_projecct_robot\resource_files\ApplicationEnums.resource:17:1 [W] 0309 Section variable '${business_n_finance}' name should be uppercase (section-variable-not-uppercase)
D:\Dev_Progs\GitLab Project\irctc_projecct_robot\resource_files\ApplicationEnums.resource:18:1 [W] 0309 Section variable '@{pro_templates_list_prod}=' name should be uppercase (section-variable-not-uppercase)
D:\Dev_Progs\GitLab Project\irctc_projecct_robot\resource_files\ApplicationEnums.resource:18:1 [W] 0508 Line is too long (217/120) (line-too-long)
D:\Dev_Progs\GitLab Project\irctc_projecct_robot\resource_files\ApplicationEnums.resource:18:1 [W] 0910 The assignment sign is not consistent inside the variables section. Expected '' but got '=' instead (inconsistent-assignment-in-variables)
D:\Dev_Progs\GitLab Project\irctc_projecct_robot\resource_files\ApplicationEnums.resource:19:1 [W] 0309 Section variable '@{pro_templates_list_stage}=' name should be uppercase (section-variable-not-uppercase)
D:\Dev_Progs\GitLab Project\irctc_projecct_robot\resource_files\ApplicationEnums.resource:19:1 [W] 0508 Line is too long (227/120) (line-too-long)
D:\Dev_Progs\GitLab Project\irctc_projecct_robot\resource_files\ApplicationEnums.resource:19:1 [W] 0910 The assignment sign is not consistent inside the variables section. Expected '' but got '=' instead (inconsistent-assignment-in-variables)
D:\Dev_Progs\GitLab Project\irctc_projecct_robot\resource_files\ApplicationEnums.resource:20:1 [W] 0309 Section variable '@{store_templates_list_stage}=' name should be uppercase (section-variable-not-uppercase)
D:\Dev_Progs\GitLab Project\irctc_projecct_robot\resource_files\ApplicationEnums.resource:20:1 [W] 0508 Line is too long (391/120) (line-too-long)
D:\Dev_Progs\GitLab Project\irctc_projecct_robot\resource_files\ApplicationEnums.resource:20:1 [W] 0910 The assignment sign is not consistent inside the variables section. Expected '' but got '=' instead (inconsistent-assignment-in-variables)
D:\Dev_Progs\GitLab Project\irctc_projecct_robot\resource_files\ApplicationEnums.resource:21:1 [W] 0309 Section variable '@{store_templates_list_prod}=' name should be uppercase (section-variable-not-uppercase)
D:\Dev_Progs\GitLab Project\irctc_projecct_robot\resource_files\ApplicationEnums.resource:21:1 [W] 0508 Line is too long (309/120) (line-too-long)
D:\Dev_Progs\GitLab Project\irctc_projecct_robot\resource_files\ApplicationEnums.resource:21:1 [W] 0910 The assignment sign is not consistent inside the variables section. Expected '' but got '=' instead (inconsistent-assignment-in-variables)
D:\Dev_Progs\GitLab Project\irctc_projecct_robot\resource_files\ApplicationEnums.resource:22:1 [W] 0309 Section variable '${pro_template_price_stage} =' name should be uppercase (section-variable-not-uppercase)
D:\Dev_Progs\GitLab Project\irctc_projecct_robot\resource_files\ApplicationEnums.resource:22:1 [W] 0910 The assignment sign is not consistent inside the variables section. Expected '' but got ' =' instead (inconsistent-assignment-in-variables)
D:\Dev_Progs\GitLab Project\irctc_projecct_robot\resource_files\ApplicationEnums.resource:23:1 [W] 0309 Section variable '${pro_template_price_prod} =' name should be uppercase (section-variable-not-uppercase)
D:\Dev_Progs\GitLab Project\irctc_projecct_robot\resource_files\ApplicationEnums.resource:23:1 [W] 0910 The assignment sign is not consistent inside the variables section. Expected '' but got ' =' instead (inconsistent-assignment-in-variables)
D:\Dev_Progs\GitLab Project\irctc_projecct_robot\resource_files\ApplicationEnums.resource:24:1 [W] 0309 Section variable '&{mobile_no}=' name should be uppercase (section-variable-not-uppercase)
D:\Dev_Progs\GitLab Project\irctc_projecct_robot\resource_files\ApplicationEnums.resource:24:1 [W] 0910 The assignment sign is not consistent inside the variables section. Expected '' but got '=' instead (inconsistent-assignment-in-variables)
D:\Dev_Progs\GitLab Project\irctc_projecct_robot\resource_files\ApplicationEnums.resource:25:1 [W] 0309 Section variable '&{description_for_tabs}' name should be uppercase (section-variable-not-uppercase)
D:\Dev_Progs\GitLab Project\irctc_projecct_robot\resource_files\ApplicationEnums.resource:25:1 [W] 0508 Line is too long (275/120) (line-too-long)
D:\Dev_Progs\GitLab Project\irctc_projecct_robot\resource_files\ApplicationEnums.resource:25:298 [W] 1001 Trailing whitespace at the end of line (trailing-whitespace)
D:\Dev_Progs\GitLab Project\irctc_projecct_robot\resource_files\ApplicationEnums.resource:26:1 [W] 0309 Section variable '@{list_of_description_to_search_template}' name should be uppercase (section-variable-not-uppercase)
D:\Dev_Progs\GitLab Project\irctc_projecct_robot\resource_files\ApplicationEnums.resource:26:1 [W] 0508 Line is too long (139/120) (line-too-long)
D:\Dev_Progs\GitLab Project\irctc_projecct_robot\resource_files\ApplicationEnums.resource:26:153 [W] 1001 Trailing whitespace at the end of line (trailing-whitespace)
D:\Dev_Progs\GitLab Project\irctc_projecct_robot\resource_files\ApplicationEnums.resource:27:1 [W] 0309 Section variable '&{bant_answer}=' name should be uppercase (section-variable-not-uppercase)
D:\Dev_Progs\GitLab Project\irctc_projecct_robot\resource_files\ApplicationEnums.resource:27:1 [W] 0508 Line is too long (286/120) (line-too-long)
D:\Dev_Progs\GitLab Project\irctc_projecct_robot\resource_files\ApplicationEnums.resource:27:1 [W] 0910 The assignment sign is not consistent inside the variables section. Expected '' but got '=' instead (inconsistent-assignment-in-variables)
D:\Dev_Progs\GitLab Project\irctc_projecct_robot\resource_files\ApplicationEnums.resource:27:288 [W] 1001 Trailing whitespace at the end of line (trailing-whitespace)
D:\Dev_Progs\GitLab Project\irctc_projecct_robot\resource_files\ApplicationEnums.resource:29:1 [W] 0702 Missing blank space after comment character (missing-space-after-comment)
D:\Dev_Progs\GitLab Project\irctc_projecct_robot\resource_files\ApplicationEnums.resource:30:1 [W] 0309 Section variable '&{monthly_payment_overview}' name should be uppercase (section-variable-not-uppercase)
D:\Dev_Progs\GitLab Project\irctc_projecct_robot\resource_files\ApplicationEnums.resource:30:1 [W] 0508 Line is too long (153/120) (line-too-long)
D:\Dev_Progs\GitLab Project\irctc_projecct_robot\resource_files\ApplicationEnums.resource:30:158 [W] 1001 Trailing whitespace at the end of line (trailing-whitespace)
D:\Dev_Progs\GitLab Project\irctc_projecct_robot\resource_files\ApplicationEnums.resource:31:1 [W] 0309 Section variable '&{upfront_payment_overview}' name should be uppercase (section-variable-not-uppercase)
D:\Dev_Progs\GitLab Project\irctc_projecct_robot\resource_files\ApplicationEnums.resource:31:125 [W] 1001 Trailing whitespace at the end of line (trailing-whitespace)
D:\Dev_Progs\GitLab Project\irctc_projecct_robot\resource_files\ApplicationEnums.resource:33:1 [W] 0309 Section variable '@{list_of_payement_popup_title}' name should be uppercase (section-variable-not-uppercase)
D:\Dev_Progs\GitLab Project\irctc_projecct_robot\resource_files\ApplicationEnums.resource:33:1 [W] 0508 Line is too long (212/120) (line-too-long)
D:\Dev_Progs\GitLab Project\irctc_projecct_robot\resource_files\ApplicationEnums.resource:34:9 [W] 1001 Trailing whitespace at the end of line (trailing-whitespace)
D:\Dev_Progs\GitLab Project\irctc_projecct_robot\resource_files\ApplicationEnums.resource:35:1 [W] 0309 Section variable '@{country_list}' name should be uppercase (section-variable-not-uppercase)
D:\Dev_Progs\GitLab Project\irctc_projecct_robot\resource_files\ApplicationEnums.resource:36:1 [W] 0309 Section variable '${title_on_tnc}' name should be uppercase (section-variable-not-uppercase)
D:\Dev_Progs\GitLab Project\irctc_projecct_robot\resource_files\ApplicationEnums.resource:37:1 [W] 0309 Section variable '&{filter_name_on_dashboard}' name should be uppercase (section-variable-not-uppercase)
D:\Dev_Progs\GitLab Project\irctc_projecct_robot\resource_files\ApplicationEnums.resource:38:1 [W] 0309 Section variable '@{url_for_starter_card}' name should be uppercase (section-variable-not-uppercase)
D:\Dev_Progs\GitLab Project\irctc_projecct_robot\resource_files\ApplicationEnums.resource:38:1 [W] 0508 Line is too long (133/120) (line-too-long)
D:\Dev_Progs\GitLab Project\irctc_projecct_robot\resource_files\ApplicationEnums.resource:39:1 [W] 0309 Section variable '&{freemium_elements}' name should be uppercase (section-variable-not-uppercase)
D:\Dev_Progs\GitLab Project\irctc_projecct_robot\resource_files\ApplicationEnums.resource:39:1 [W] 0508 Line is too long (316/120) (line-too-long)
D:\Dev_Progs\GitLab Project\irctc_projecct_robot\resource_files\ApplicationEnums.resource:39:327 [W] 1001 Trailing whitespace at the end of line (trailing-whitespace)
D:\Dev_Progs\GitLab Project\irctc_projecct_robot\resource_files\ApplicationEnums.resource:40:1 [W] 0309 Section variable '&{platforms_of_buildcard}' name should be uppercase (section-variable-not-uppercase)
D:\Dev_Progs\GitLab Project\irctc_projecct_robot\resource_files\ApplicationEnums.resource:40:68 [W] 1001 Trailing whitespace at the end of line (trailing-whitespace)
D:\Dev_Progs\GitLab Project\irctc_projecct_robot\resource_files\ApplicationEnums.resource:41:1 [W] 0309 Section variable '@{installments_table_on_dashboard}' name should be uppercase (section-variable-not-uppercase)
D:\Dev_Progs\GitLab Project\irctc_projecct_robot\resource_files\ApplicationEnums.resource:41:1 [W] 0508 Line is too long (122/120) (line-too-long)
D:\Dev_Progs\GitLab Project\irctc_projecct_robot\resource_files\ApplicationEnums.resource:42:1 [W] 0309 Section variable '@{installment_status_details}' name should be uppercase (section-variable-not-uppercase)
D:\Dev_Progs\GitLab Project\irctc_projecct_robot\resource_files\ApplicationEnums.resource:42:56 [W] 1001 Trailing whitespace at the end of line (trailing-whitespace)
D:\Dev_Progs\GitLab Project\irctc_projecct_robot\resource_files\ApplicationEnums.resource:43:1 [W] 0309 Section variable '&{additional_services_of_pro_card}' name should be uppercase (section-variable-not-uppercase)
D:\Dev_Progs\GitLab Project\irctc_projecct_robot\resource_files\ApplicationEnums.resource:43:111 [W] 1001 Trailing whitespace at the end of line (trailing-whitespace)
D:\Dev_Progs\GitLab Project\irctc_projecct_robot\resource_files\ApplicationEnums.resource:45:1 [W] 0702 Missing blank space after comment character (missing-space-after-comment)
D:\Dev_Progs\GitLab Project\irctc_projecct_robot\resource_files\ApplicationEnums.resource:47:1 [W] 0309 Section variable '&{templates_types} =' name should be uppercase (section-variable-not-uppercase)
D:\Dev_Progs\GitLab Project\irctc_projecct_robot\resource_files\ApplicationEnums.resource:47:1 [W] 0910 The assignment sign is not consistent inside the variables section. Expected '' but got ' =' instead (inconsistent-assignment-in-variables)
D:\Dev_Progs\GitLab Project\irctc_projecct_robot\resource_files\ApplicationEnums.resource:48:1 [W] 0309 Section variable '&{social_media_sigup}=' name should be uppercase (section-variable-not-uppercase)
D:\Dev_Progs\GitLab Project\irctc_projecct_robot\resource_files\ApplicationEnums.resource:48:1 [W] 0910 The assignment sign is not consistent inside the variables section. Expected '' but got '=' instead (inconsistent-assignment-in-variables)
D:\Dev_Progs\GitLab Project\irctc_projecct_robot\resource_files\ApplicationEnums.resource:49:1 [W] 0309 Section variable '&{all_error_msg}' name should be uppercase (section-variable-not-uppercase)
D:\Dev_Progs\GitLab Project\irctc_projecct_robot\resource_files\ApplicationEnums.resource:49:1 [W] 0508 Line is too long (606/120) (line-too-long)
D:\Dev_Progs\GitLab Project\irctc_projecct_robot\resource_files\ApplicationEnums.resource:50:1 [W] 0309 Section variable '&{webpage_title}' name should be uppercase (section-variable-not-uppercase)
D:\Dev_Progs\GitLab Project\irctc_projecct_robot\resource_files\ApplicationEnums.resource:51:1 [W] 0309 Section variable '&{email_id_for_signup}' name should be uppercase (section-variable-not-uppercase)
D:\Dev_Progs\GitLab Project\irctc_projecct_robot\resource_files\ApplicationEnums.resource:51:106 [W] 1001 Trailing whitespace at the end of line (trailing-whitespace)
D:\Dev_Progs\GitLab Project\irctc_projecct_robot\resource_files\ApplicationEnums.resource:52:1 [W] 0309 Section variable '@{privacy_page}' name should be uppercase (section-variable-not-uppercase)
D:\Dev_Progs\GitLab Project\irctc_projecct_robot\resource_files\ApplicationEnums.resource:53:1 [W] 0309 Section variable '&{email_id_for_different_currency}' name should be uppercase (section-variable-not-uppercase)
D:\Dev_Progs\GitLab Project\irctc_projecct_robot\resource_files\ApplicationEnums.resource:53:1 [W] 0508 Line is too long (218/120) (line-too-long)
D:\Dev_Progs\GitLab Project\irctc_projecct_robot\resource_files\ApplicationEnums.resource:54:1 [W] 1012 Too many consecutive empty lines (2/1) (consecutive-empty-lines)
D:\Dev_Progs\GitLab Project\irctc_projecct_robot\resource_files\ApplicationEnums.resource:58:1 [W] 0309 Section variable '&{phase_on_delivery_page}=' name should be uppercase (section-variable-not-uppercase)
D:\Dev_Progs\GitLab Project\irctc_projecct_robot\resource_files\ApplicationEnums.resource:58:1 [W] 0508 Line is too long (193/120) (line-too-long)
D:\Dev_Progs\GitLab Project\irctc_projecct_robot\resource_files\ApplicationEnums.resource:58:1 [W] 0910 The assignment sign is not consistent inside the variables section. Expected '' but got '=' instead (inconsistent-assignment-in-variables)
D:\Dev_Progs\GitLab Project\irctc_projecct_robot\resource_files\ApplicationEnums.resource:58:197 [W] 1001 Trailing whitespace at the end of line (trailing-whitespace)
D:\Dev_Progs\GitLab Project\irctc_projecct_robot\resource_files\ApplicationEnums.resource:59:1 [W] 0309 Section variable '&{speed_on_delivery_page}=' name should be uppercase (section-variable-not-uppercase)
D:\Dev_Progs\GitLab Project\irctc_projecct_robot\resource_files\ApplicationEnums.resource:59:1 [W] 0910 The assignment sign is not consistent inside the variables section. Expected '' but got '=' instead (inconsistent-assignment-in-variables)
D:\Dev_Progs\GitLab Project\irctc_projecct_robot\resource_files\ApplicationEnums.resource:61:1 [W] 0702 Missing blank space after comment character (missing-space-after-comment)
D:\Dev_Progs\GitLab Project\irctc_projecct_robot\resource_files\ApplicationEnums.resource:63:1 [W] 0309 Section variable '&{build_card_menu_options}=' name should be uppercase (section-variable-not-uppercase)
D:\Dev_Progs\GitLab Project\irctc_projecct_robot\resource_files\ApplicationEnums.resource:63:1 [W] 0508 Line is too long (266/120) (line-too-long)
D:\Dev_Progs\GitLab Project\irctc_projecct_robot\resource_files\ApplicationEnums.resource:63:1 [W] 0910 The assignment sign is not consistent inside the variables section. Expected '' but got '=' instead (inconsistent-assignment-in-variables)
D:\Dev_Progs\GitLab Project\irctc_projecct_robot\resource_files\ApplicationEnums.resource:64:1 [W] 0309 Section variable '&{build_card_status}=' name should be uppercase (section-variable-not-uppercase)
D:\Dev_Progs\GitLab Project\irctc_projecct_robot\resource_files\ApplicationEnums.resource:64:1 [W] 0508 Line is too long (285/120) (line-too-long)
D:\Dev_Progs\GitLab Project\irctc_projecct_robot\resource_files\ApplicationEnums.resource:64:1 [W] 0910 The assignment sign is not consistent inside the variables section. Expected '' but got '=' instead (inconsistent-assignment-in-variables)
D:\Dev_Progs\GitLab Project\irctc_projecct_robot\resource_files\ApplicationEnums.resource:66:1 [W] 0702 Missing blank space after comment character (missing-space-after-comment)
D:\Dev_Progs\GitLab Project\irctc_projecct_robot\resource_files\ApplicationEnums.resource:67:1 [W] 0309 Section variable '&{user_type} =' name should be uppercase (section-variable-not-uppercase)
D:\Dev_Progs\GitLab Project\irctc_projecct_robot\resource_files\ApplicationEnums.resource:67:1 [W] 0910 The assignment sign is not consistent inside the variables section. Expected '' but got ' =' instead (inconsistent-assignment-in-variables)
D:\Dev_Progs\GitLab Project\irctc_projecct_robot\resource_files\ApplicationEnums.resource:68:1 [W] 0309 Section variable '&{currency}=' name should be uppercase (section-variable-not-uppercase)
D:\Dev_Progs\GitLab Project\irctc_projecct_robot\resource_files\ApplicationEnums.resource:68:1 [W] 0910 The assignment sign is not consistent inside the variables section. Expected '' but got '=' instead (inconsistent-assignment-in-variables)
D:\Dev_Progs\GitLab Project\irctc_projecct_robot\resource_files\ApplicationEnums.resource:70:1 [W] 0309 Section variable '&{currency_name_homepage}=' name should be uppercase (section-variable-not-uppercase)
D:\Dev_Progs\GitLab Project\irctc_projecct_robot\resource_files\ApplicationEnums.resource:70:1 [W] 0910 The assignment sign is not consistent inside the variables section. Expected '' but got '=' instead (inconsistent-assignment-in-variables)
D:\Dev_Progs\GitLab Project\irctc_projecct_robot\resource_files\ApplicationEnums.resource:71:1 [W] 0309 Section variable '@{selected_temlplate_count}' name should be uppercase (section-variable-not-uppercase)
D:\Dev_Progs\GitLab Project\irctc_projecct_robot\resource_files\ApplicationEnums.resource:73:1 [W] 0309 Section variable '&{responsive_platform}=' name should be uppercase (section-variable-not-uppercase)
D:\Dev_Progs\GitLab Project\irctc_projecct_robot\resource_files\ApplicationEnums.resource:73:1 [W] 0910 The assignment sign is not consistent inside the variables section. Expected '' but got '=' instead (inconsistent-assignment-in-variables)
D:\Dev_Progs\GitLab Project\irctc_projecct_robot\resource_files\ApplicationEnums.resource:74:1 [W] 0309 Section variable '&{type_of_payment}=' name should be uppercase (section-variable-not-uppercase)
D:\Dev_Progs\GitLab Project\irctc_projecct_robot\resource_files\ApplicationEnums.resource:74:1 [W] 0910 The assignment sign is not consistent inside the variables section. Expected '' but got '=' instead (inconsistent-assignment-in-variables)
D:\Dev_Progs\GitLab Project\irctc_projecct_robot\resource_files\ApplicationEnums.resource:76:1 [W] 0309 Section variable '&{isPrototype}=' name should be uppercase (section-variable-not-uppercase)
D:\Dev_Progs\GitLab Project\irctc_projecct_robot\resource_files\ApplicationEnums.resource:76:1 [W] 0910 The assignment sign is not consistent inside the variables section. Expected '' but got '=' instead (inconsistent-assignment-in-variables)
D:\Dev_Progs\GitLab Project\irctc_projecct_robot\resource_files\ApplicationEnums.resource:78:1 [W] 1010 Too many blank lines at the end of file (too-many-trailing-blank-lines)
D:\Dev_Progs\GitLab Project\irctc_projecct_robot\resource_files\Assertions.resource:1:1 [W] 0203 Missing documentation in suite (missing-doc-suite)
D:\Dev_Progs\GitLab Project\irctc_projecct_robot\resource_files\Assertions.resource:1:1 [W] 1006 Inconsistent use of tabs and spaces in file (mixed-tabs-and-spaces)
D:\Dev_Progs\GitLab Project\irctc_projecct_robot\resource_files\Assertions.resource:3:1 [W] 1003 Invalid number of empty lines between sections (1/2) (empty-lines-between-sections)
D:\Dev_Progs\GitLab Project\irctc_projecct_robot\resource_files\Assertions.resource:4:1 [W] 1009 Too many empty lines after '*** Keywords ***' section header (1/0) (empty-line-after-section)
D:\Dev_Progs\GitLab Project\irctc_projecct_robot\resource_files\Assertions.resource:6:1 [W] 0201 Missing documentation in 'Element Should be Visible' keyword (missing-doc-keyword)
D:\Dev_Progs\GitLab Project\irctc_projecct_robot\resource_files\Assertions.resource:6:1 [W] 0302 Keyword name 'Element Should be Visible' does not follow case convention (wrong-case-in-keyword-name)
D:\Dev_Progs\GitLab Project\irctc_projecct_robot\resource_files\Assertions.resource:7:34 [W] 0919 Keyword argument '${msg}' is not used (unused-argument)
D:\Dev_Progs\GitLab Project\irctc_projecct_robot\resource_files\Assertions.resource:10:5 [W] 0319 '[Return]' is deprecated since Robot Framework version 5.*, use 'RETURN' instead (deprecated-statement)
D:\Dev_Progs\GitLab Project\irctc_projecct_robot\resource_files\Assertions.resource:11:5 [W] 1001 Trailing whitespace at the end of line (trailing-whitespace)
D:\Dev_Progs\GitLab Project\irctc_projecct_robot\resource_files\Assertions.resource:12:1 [W] 0201 Missing documentation in 'Element Should be InVisible' keyword (missing-doc-keyword)
D:\Dev_Progs\GitLab Project\irctc_projecct_robot\resource_files\Assertions.resource:12:1 [W] 0302 Keyword name 'Element Should be InVisible' does not follow case convention (wrong-case-in-keyword-name)
D:\Dev_Progs\GitLab Project\irctc_projecct_robot\resource_files\Assertions.resource:13:34 [W] 0919 Keyword argument '${msg}' is not used (unused-argument)
D:\Dev_Progs\GitLab Project\irctc_projecct_robot\resource_files\Assertions.resource:16:23 [I] 0924 'Should Be True' condition can be simplified (expression-can-be-simplified)
D:\Dev_Progs\GitLab Project\irctc_projecct_robot\resource_files\Assertions.resource:18:1 [W] 0201 Missing documentation in 'Element Is Visible' keyword (missing-doc-keyword)
D:\Dev_Progs\GitLab Project\irctc_projecct_robot\resource_files\Assertions.resource:19:34 [W] 0919 Keyword argument '${msg}' is not used (unused-argument)
D:\Dev_Progs\GitLab Project\irctc_projecct_robot\resource_files\Assertions.resource:21:5 [W] 0319 '[Return]' is deprecated since Robot Framework version 5.*, use 'RETURN' instead (deprecated-statement)
D:\Dev_Progs\GitLab Project\irctc_projecct_robot\resource_files\Assertions.resource:23:1 [W] 0201 Missing documentation in 'Element Is Selected' keyword (missing-doc-keyword)
D:\Dev_Progs\GitLab Project\irctc_projecct_robot\resource_files\Assertions.resource:24:34 [W] 0919 Keyword argument '${msg}' is not used (unused-argument)
D:\Dev_Progs\GitLab Project\irctc_projecct_robot\resource_files\Assertions.resource:26:5 [W] 0319 '[Return]' is deprecated since Robot Framework version 5.*, use 'RETURN' instead (deprecated-statement)
D:\Dev_Progs\GitLab Project\irctc_projecct_robot\resource_files\Assertions.resource:28:1 [W] 0201 Missing documentation in 'Verify Greater Than' keyword (missing-doc-keyword)
D:\Dev_Progs\GitLab Project\irctc_projecct_robot\resource_files\Assertions.resource:32:1 [W] 0201 Missing documentation in 'Element Should Be Clickable' keyword (missing-doc-keyword)
D:\Dev_Progs\GitLab Project\irctc_projecct_robot\resource_files\Assertions.resource:34:1 [W] 0508 Line is too long (122/120) (line-too-long)
D:\Dev_Progs\GitLab Project\irctc_projecct_robot\resource_files\Assertions.resource:34:5 [W] 0909 The assignment sign is not consistent within the file. Expected '' but got '=' instead (inconsistent-assignment)
D:\Dev_Progs\GitLab Project\irctc_projecct_robot\resource_files\Assertions.resource:35:5 [W] 0319 'Run Keyword If' is deprecated since Robot Framework version 5.*, use 'IF' instead (deprecated-statement)
D:\Dev_Progs\GitLab Project\irctc_projecct_robot\resource_files\Assertions.resource:35:5 [I] 0908 'Run Keyword If' can be replaced with IF block since Robot Framework 4.0 (if-can-be-used)
D:\Dev_Progs\GitLab Project\irctc_projecct_robot\resource_files\Assertions.resource:35:64 [W] 1001 Trailing whitespace at the end of line (trailing-whitespace)
D:\Dev_Progs\GitLab Project\irctc_projecct_robot\resource_files\Assertions.resource:37:1 [W] 0201 Missing documentation in 'List Should Not Be Empty' keyword (missing-doc-keyword)
D:\Dev_Progs\GitLab Project\irctc_projecct_robot\resource_files\Assertions.resource:42:3 [W] 1001 Trailing whitespace at the end of line (trailing-whitespace)
D:\Dev_Progs\GitLab Project\irctc_projecct_robot\resource_files\Assertions.resource:43:1 [W] 0201 Missing documentation in 'Element Is Disabled' keyword (missing-doc-keyword)
D:\Dev_Progs\GitLab Project\irctc_projecct_robot\resource_files\Assertions.resource:48:1 [W] 0201 Missing documentation in 'Element Is Not Disabled' keyword (missing-doc-keyword)
D:\Dev_Progs\GitLab Project\irctc_projecct_robot\resource_files\Assertions.resource:51:49 [W] 1001 Trailing whitespace at the end of line (trailing-whitespace)
D:\Dev_Progs\GitLab Project\irctc_projecct_robot\resource_files\Assertions.resource:53:1 [W] 0201 Missing documentation in 'Is Element Visible' keyword (missing-doc-keyword)
D:\Dev_Progs\GitLab Project\irctc_projecct_robot\resource_files\Assertions.resource:54:34 [W] 0919 Keyword argument '${msg}' is not used (unused-argument)
D:\Dev_Progs\GitLab Project\irctc_projecct_robot\resource_files\Assertions.resource:55:5 [W] 0909 The assignment sign is not consistent within the file. Expected '' but got '=' instead (inconsistent-assignment)
D:\Dev_Progs\GitLab Project\irctc_projecct_robot\resource_files\Assertions.resource:56:5 [W] 0319 '[Return]' is deprecated since Robot Framework version 5.*, use 'RETURN' instead (deprecated-statement)
D:\Dev_Progs\GitLab Project\irctc_projecct_robot\resource_files\Assertions.resource:58:1 [W] 1005 Invalid number of empty lines between keywords (2/1) (empty-lines-between-keywords)
D:\Dev_Progs\GitLab Project\irctc_projecct_robot\resource_files\Assertions.resource:59:1 [W] 0201 Missing documentation in 'Check Difference is in +-1 Range' keyword (missing-doc-keyword)
D:\Dev_Progs\GitLab Project\irctc_projecct_robot\resource_files\Assertions.resource:59:1 [W] 0302 Keyword name 'Check Difference is in +-1 Range' does not follow case convention (wrong-case-in-keyword-name)
D:\Dev_Progs\GitLab Project\irctc_projecct_robot\resource_files\Assertions.resource:63:9 [W] 0302 Keyword name 'Should be True' does not follow case convention (wrong-case-in-keyword-name)
D:\Dev_Progs\GitLab Project\irctc_projecct_robot\resource_files\Assertions.resource:64:9 [W] 1001 Trailing whitespace at the end of line (trailing-whitespace)
D:\Dev_Progs\GitLab Project\irctc_projecct_robot\resource_files\Assertions.resource:68:1 [W] 1005 Invalid number of empty lines between keywords (2/1) (empty-lines-between-keywords)
D:\Dev_Progs\GitLab Project\irctc_projecct_robot\resource_files\Assertions.resource:69:1 [W] 0201 Missing documentation in 'Check Difference is in Range' keyword (missing-doc-keyword)
D:\Dev_Progs\GitLab Project\irctc_projecct_robot\resource_files\Assertions.resource:69:1 [W] 0302 Keyword name 'Check Difference is in Range' does not follow case convention (wrong-case-in-keyword-name)
D:\Dev_Progs\GitLab Project\irctc_projecct_robot\resource_files\Assertions.resource:71:5 [W] 0909 The assignment sign is not consistent within the file. Expected '' but got '=' instead (inconsistent-assignment)
D:\Dev_Progs\GitLab Project\irctc_projecct_robot\resource_files\Assertions.resource:71:14 [W] 0302 Keyword name 'Get length' does not follow case convention (wrong-case-in-keyword-name)
D:\Dev_Progs\GitLab Project\irctc_projecct_robot\resource_files\Assertions.resource:71:36 [W] 1001 Trailing whitespace at the end of line (trailing-whitespace)
D:\Dev_Progs\GitLab Project\irctc_projecct_robot\resource_files\Assertions.resource:72:5 [W] 0909 The assignment sign is not consistent within the file. Expected '' but got '=' instead (inconsistent-assignment)
D:\Dev_Progs\GitLab Project\irctc_projecct_robot\resource_files\Assertions.resource:72:38 [W] 1001 Trailing whitespace at the end of line (trailing-whitespace)
D:\Dev_Progs\GitLab Project\irctc_projecct_robot\resource_files\Assertions.resource:74:1 [W] 1008 Line is under-indented (bad-indent)
D:\Dev_Progs\GitLab Project\irctc_projecct_robot\resource_files\Assertions.resource:75:9 [W] 0909 The assignment sign is not consistent within the file. Expected '' but got ' =' instead (inconsistent-assignment)
D:\Dev_Progs\GitLab Project\irctc_projecct_robot\resource_files\Assertions.resource:75:47 [W] 1001 Trailing whitespace at the end of line (trailing-whitespace)
D:\Dev_Progs\GitLab Project\irctc_projecct_robot\resource_files\Assertions.resource:76:9 [W] 0909 The assignment sign is not consistent within the file. Expected '' but got ' =' instead (inconsistent-assignment)
D:\Dev_Progs\GitLab Project\irctc_projecct_robot\resource_files\Assertions.resource:79:13 [W] 0302 Keyword name 'Should be True' does not follow case convention (wrong-case-in-keyword-name)
D:\Dev_Progs\GitLab Project\irctc_projecct_robot\resource_files\Assertions.resource:80:13 [W] 1001 Trailing whitespace at the end of line (trailing-whitespace)
D:\Dev_Progs\GitLab Project\irctc_projecct_robot\resource_files\Assertions.resource:83:1 [W] 1002 Missing trailing blank line at the end of file (missing-trailing-blank-line)
D:\Dev_Progs\GitLab Project\irctc_projecct_robot\resource_files\basetest.resource:1:1 [W] 0203 Missing documentation in suite (missing-doc-suite)
D:\Dev_Progs\GitLab Project\irctc_projecct_robot\resource_files\basetest.resource:4:1 [W] 1003 Invalid number of empty lines between sections (0/2) (empty-lines-between-sections)
D:\Dev_Progs\GitLab Project\irctc_projecct_robot\resource_files\basetest.resource:4:56 [W] 1001 Trailing whitespace at the end of line (trailing-whitespace)
D:\Dev_Progs\GitLab Project\irctc_projecct_robot\resource_files\basetest.resource:5:1 [W] 1009 Too many empty lines after '*** Variables ***' section header (1/0) (empty-line-after-section)
D:\Dev_Progs\GitLab Project\irctc_projecct_robot\resource_files\basetest.resource:7:1 [W] 0309 Section variable '${url}' name should be uppercase (section-variable-not-uppercase)
D:\Dev_Progs\GitLab Project\irctc_projecct_robot\resource_files\basetest.resource:8:1 [W] 0309 Section variable '${radio}' name should be uppercase (section-variable-not-uppercase)
D:\Dev_Progs\GitLab Project\irctc_projecct_robot\resource_files\basetest.resource:11:1 [W] 1009 Too many empty lines after '*** Keywords ***' section header (1/0) (empty-line-after-section)
D:\Dev_Progs\GitLab Project\irctc_projecct_robot\resource_files\basetest.resource:13:1 [W] 0201 Missing documentation in 'Initialise the browser' keyword (missing-doc-keyword)
D:\Dev_Progs\GitLab Project\irctc_projecct_robot\resource_files\basetest.resource:13:1 [W] 0302 Keyword name 'Initialise the browser' does not follow case convention (wrong-case-in-keyword-name)
D:\Dev_Progs\GitLab Project\irctc_projecct_robot\resource_files\basetest.resource:14:5 [W] 0302 Keyword name 'Launch browser' does not follow case convention (wrong-case-in-keyword-name)
D:\Dev_Progs\GitLab Project\irctc_projecct_robot\resource_files\basetest.resource:17:1 [W] 1005 Invalid number of empty lines between keywords (3/1) (empty-lines-between-keywords)
D:\Dev_Progs\GitLab Project\irctc_projecct_robot\resource_files\basetest.resource:18:1 [W] 0201 Missing documentation in 'Launch browser' keyword (missing-doc-keyword)
D:\Dev_Progs\GitLab Project\irctc_projecct_robot\resource_files\basetest.resource:18:1 [W] 0302 Keyword name 'Launch browser' does not follow case convention (wrong-case-in-keyword-name)
D:\Dev_Progs\GitLab Project\irctc_projecct_robot\resource_files\basetest.resource:18:1 [W] 0503 Keyword 'Launch browser' has too many keywords inside (22/10) (too-many-calls-in-keyword)
D:\Dev_Progs\GitLab Project\irctc_projecct_robot\resource_files\basetest.resource:31:9 [W] 0909 The assignment sign is not consistent within the file. Expected '=' but got '' instead (inconsistent-assignment)
D:\Dev_Progs\GitLab Project\irctc_projecct_robot\resource_files\basetest.resource:33:1 [W] 0508 Line is too long (167/120) (line-too-long)
D:\Dev_Progs\GitLab Project\irctc_projecct_robot\resource_files\basetest.resource:33:26 [W] 0302 Keyword name 'set variable' does not follow case convention (wrong-case-in-keyword-name)
D:\Dev_Progs\GitLab Project\irctc_projecct_robot\resource_files\basetest.resource:35:9 [W] 0909 The assignment sign is not consistent within the file. Expected '=' but got '' instead (inconsistent-assignment)
D:\Dev_Progs\GitLab Project\irctc_projecct_robot\resource_files\basetest.resource:38:33 [W] 0310 Test, suite and global variables should be uppercase (non-local-variables-should-be-uppercase)
D:\Dev_Progs\GitLab Project\irctc_projecct_robot\resource_files\basetest.resource:39:9 [W] 0302 Keyword name 'maximize browser window' does not follow case convention (wrong-case-in-keyword-name)
D:\Dev_Progs\GitLab Project\irctc_projecct_robot\resource_files\basetest.resource:40:26 [W] 1001 Trailing whitespace at the end of line (trailing-whitespace)
D:\Dev_Progs\GitLab Project\irctc_projecct_robot\resource_files\basetest.resource:42:1 [W] 1010 Too many blank lines at the end of file (too-many-trailing-blank-lines)
D:\Dev_Progs\GitLab Project\irctc_projecct_robot\resource_files\GlobalLibrary.resource:1:1 [W] 0203 Missing documentation in suite (missing-doc-suite)
D:\Dev_Progs\GitLab Project\irctc_projecct_robot\resource_files\GlobalLibrary.resource:3:1 [W] 1012 Too many consecutive empty lines (2/1) (consecutive-empty-lines)
D:\Dev_Progs\GitLab Project\irctc_projecct_robot\resource_files\GlobalLibrary.resource:5:1 [W] 0702 Missing blank space after comment character (missing-space-after-comment)
D:\Dev_Progs\GitLab Project\irctc_projecct_robot\resource_files\GlobalLibrary.resource:8:1 [W] 0702 Missing blank space after comment character (missing-space-after-comment)
D:\Dev_Progs\GitLab Project\irctc_projecct_robot\resource_files\GlobalLibrary.resource:11:1 [W] 0702 Missing blank space after comment character (missing-space-after-comment)
D:\Dev_Progs\GitLab Project\irctc_projecct_robot\resource_files\GlobalLibrary.resource:16:1 [W] 0702 Missing blank space after comment character (missing-space-after-comment)
D:\Dev_Progs\GitLab Project\irctc_projecct_robot\resource_files\GlobalLibrary.resource:16:25 [W] 1001 Trailing whitespace at the end of line (trailing-whitespace)
D:\Dev_Progs\GitLab Project\irctc_projecct_robot\resource_files\GlobalLibrary.resource:20:12 [W] 0911 BuiltIn library import 'Collections' should be placed before 'SeleniumLibrary' (wrong-import-order)
D:\Dev_Progs\GitLab Project\irctc_projecct_robot\resource_files\GlobalLibrary.resource:21:12 [W] 0911 BuiltIn library import 'DateTime' should be placed before 'SeleniumLibrary' (wrong-import-order)
D:\Dev_Progs\GitLab Project\irctc_projecct_robot\resource_files\GlobalLibrary.resource:25:1 [W] 1012 Too many consecutive empty lines (2/1) (consecutive-empty-lines)
D:\Dev_Progs\GitLab Project\irctc_projecct_robot\resource_files\GlobalLibrary.resource:27:1 [W] 0702 Missing blank space after comment character (missing-space-after-comment)
D:\Dev_Progs\GitLab Project\irctc_projecct_robot\testcases\homepage.robot:1:1 [W] 0203 Missing documentation in suite (missing-doc-suite)
D:\Dev_Progs\GitLab Project\irctc_projecct_robot\testcases\homepage.robot:4:1 [W] 1012 Too many consecutive empty lines (2/1) (consecutive-empty-lines)
D:\Dev_Progs\GitLab Project\irctc_projecct_robot\testcases\homepage.robot:6:17 [W] 0302 Keyword name 'Initialise the browser' does not follow case convention (wrong-case-in-keyword-name)
D:\Dev_Progs\GitLab Project\irctc_projecct_robot\testcases\homepage.robot:7:21 [W] 0302 Keyword name 'close browser' does not follow case convention (wrong-case-in-keyword-name)
D:\Dev_Progs\GitLab Project\irctc_projecct_robot\testcases\homepage.robot:10:1 [W] 1009 Too many empty lines after '*** Test Cases ***' section header (1/0) (empty-line-after-section)
D:\Dev_Progs\GitLab Project\irctc_projecct_robot\testcases\homepage.robot:12:1 [W] 0202 Missing documentation in 'User should login to irctc portal' test case (missing-doc-test-case)
D:\Dev_Progs\GitLab Project\irctc_projecct_robot\testcases\homepage.robot:14:5 [W] 0302 Keyword name 'Login irctc portal' does not follow case convention (wrong-case-in-keyword-name)
D:\Dev_Progs\GitLab Project\irctc_projecct_robot\testcases\homepage.robot:15:5 [W] 0302 Keyword name 'User should search train' does not follow case convention (wrong-case-in-keyword-name)
D:\Dev_Progs\GitLab Project\irctc_projecct_robot\testcases\homepage.robot:16:5 [W] 0302 Keyword name 'User should book ticket' does not follow case convention (wrong-case-in-keyword-name)
D:\Dev_Progs\GitLab Project\irctc_projecct_robot\testcases\homepage.robot:18:45 [W] 1001 Trailing whitespace at the end of line (trailing-whitespace)
D:\Dev_Progs\GitLab Project\irctc_projecct_robot\testcases\homepage.robot:21:4 [W] 1001 Trailing whitespace at the end of line (trailing-whitespace)
D:\Dev_Progs\GitLab Project\irctc_projecct_robot\testcases\homepage.robot:24:4 [W] 1001 Trailing whitespace at the end of line (trailing-whitespace)
D:\Dev_Progs\GitLab Project\irctc_projecct_robot\testcases\homepage.robot:25:4 [W] 1001 Trailing whitespace at the end of line (trailing-whitespace)
D:\Dev_Progs\GitLab Project\irctc_projecct_robot\testcases\homepage.robot:26:5 [W] 1001 Trailing whitespace at the end of line (trailing-whitespace)
D:\Dev_Progs\GitLab Project\irctc_projecct_robot\testcases\homepage.robot:30:1 [W] 1010 Too many blank lines at the end of file (too-many-trailing-blank-lines)
